Reading from filesystem: /home/chris/projects/dome/flappywren/main.wren
320 X 240
Reading from filesystem: /home/chris/projects/dome/flappywren/assets/title.png
instance of ImageData
[05 Alpha Hydrae - Friends and Apples.ogg, 01 Alpha Hydrae - Avance.ogg]
Reading from filesystem: /home/chris/projects/dome/flappywren/assets/music/05 Alpha Hydrae - Friends and Apples.ogg
Audio loaded: assets/music/05 Alpha Hydrae - Friends and Apples.ogg
Reading from filesystem: /home/chris/projects/dome/flappywren/assets/bird/fly/frame-1.png
Reading from filesystem: /home/chris/projects/dome/flappywren/assets/bird/fly/frame-2.png
Reading from filesystem: /home/chris/projects/dome/flappywren/assets/bird/got hit/frame-1.png
Reading from filesystem: /home/chris/projects/dome/flappywren/assets/bird/got hit/frame-2.png
Reading from filesystem: /home/chris/projects/dome/flappywren/assets/Volcano/Volcano anim. 01.png
Reading from filesystem: /home/chris/projects/dome/flappywren/assets/Volcano/Volcano anim. 02.png
Reading from filesystem: /home/chris/projects/dome/flappywren/assets/Volcano/Volcano anim. 03.png
Reading from filesystem: /home/chris/projects/dome/flappywren/assets/Volcano/Volcano Layer 01.png
Reading from filesystem: /home/chris/projects/dome/flappywren/assets/Volcano/Volcano Layer 02.png
Reading from filesystem: /home/chris/projects/dome/flappywren/assets/Volcano/Volcano Layer 03.png
Reading from filesystem: /home/chris/projects/dome/flappywren/assets/Volcano/Volcano Layer 04.png
Reading from filesystem: /home/chris/projects/dome/flappywren/assets/Volcano/Volcano Layer 05.png
Reading from filesystem: /home/chris/projects/dome/flappywren/assets/Volcano/Volcano Layer 06.png
Reading from filesystem: /home/chris/projects/dome/flappywren/assets/Volcano/Volcano Layer 07.png
Reading from filesystem: /home/chris/projects/dome/flappywren/assets/Volcano/Volcano Layer 08.png
Reading from filesystem: /home/chris/projects/dome/flappywren/assets/sounds/jump-7.wav
Audio loaded: assets/sounds/jump-7.wav
Reading from filesystem: /home/chris/projects/dome/flappywren/assets/pipes/pipe.png
Reading from filesystem: /home/chris/projects/dome/flappywren/assets/pipes/pipe-top.png
Reading from filesystem: /home/chris/projects/dome/flappywren/assets/sounds/lose-1.wav
Audio loaded: assets/sounds/lose-1.wav
